Using pre-set license
Built from '2020.3/staging' branch; Version is '2020.3.43f1 (75bff06b76bf) revision 7716848'; Using compiler version '192528614'; Build Type 'Release'
OS: 'Windows 10  (10.0.19045) 64bit Core' Language: 'pl' Physical Memory: 24526 MB
BatchMode: 1, IsHumanControllingUs: 0, StartBugReporterOnCrash: 0, Is64bit: 1, IsPro: 0

COMMAND LINE ARGUMENTS:
C:\Program Files\Unity\Hub\Editor\2020.3.43f1\Editor\Unity.exe
-adb2
-batchMode
-noUpm
-name
AssetImportWorker0
-projectPath
C:/Users/Omen/Documents/GitHub/ArcadeGames2022
-logFile
Logs/AssetImportWorker0.log
-srvPort
57244
Successfully changed project path to: C:/Users/Omen/Documents/GitHub/ArcadeGames2022
C:/Users/Omen/Documents/GitHub/ArcadeGames2022
Using Asset Import Pipeline V2.
Refreshing native plugins compatible for Editor in 81.92 ms, found 3 plugins.
Preloading 0 native plugins for Editor in 0.00 ms.
Initialize engine version: 2020.3.43f1 (75bff06b76bf)
[Subsystems] Discovering subsystems at path C:/Program Files/Unity/Hub/Editor/2020.3.43f1/Editor/Data/Resources/UnitySubsystems
[Subsystems] Discovering subsystems at path C:/Users/Omen/Documents/GitHub/ArcadeGames2022/Assets
GfxDevice: creating device client; threaded=0
Direct3D:
    Version:  Direct3D 11.0 [level 11.1]
    Renderer: NVIDIA GeForce GTX 1060 (ID=0x1c60)
    Vendor:   
    VRAM:     6043 MB
    Driver:   31.0.15.3734
Initialize mono
Mono path[0] = 'C:/Program Files/Unity/Hub/Editor/2020.3.43f1/Editor/Data/Managed'
Mono path[1] = 'C:/Program Files/Unity/Hub/Editor/2020.3.43f1/Editor/Data/MonoBleedingEdge/lib/mono/unityjit'
Mono config path = 'C:/Program Files/Unity/Hub/Editor/2020.3.43f1/Editor/Data/MonoBleedingEdge/etc'
Using monoOptions --debugger-agent=transport=dt_socket,embedding=1,server=y,suspend=n,address=127.0.0.1:56508
Begin MonoManager ReloadAssembly
Registering precompiled unity dll's ...
Register platform support module: C:/Program Files/Unity/Hub/Editor/2020.3.43f1/Editor/Data/PlaybackEngines/WebGLSupport/UnityEditor.WebGL.Extensions.dll
Register platform support module: C:/Program Files/Unity/Hub/Editor/2020.3.43f1/Editor/Data/PlaybackEngines/WindowsStandaloneSupport/UnityEditor.WindowsStandalone.Extensions.dll
Register platform support module: C:/Program Files/Unity/Hub/Editor/2020.3.43f1/Editor/Data/PlaybackEngines/LinuxStandaloneSupport/UnityEditor.LinuxStandalone.Extensions.dll
Registered in 0.004835 seconds.
Native extension for LinuxStandalone target not found
Native extension for WindowsStandalone target not found
Native extension for WebGL target not found
Refreshing native plugins compatible for Editor in 74.47 ms, found 3 plugins.
Preloading 0 native plugins for Editor in 0.00 ms.
Mono: successfully reloaded assembly
- Completed reload, in  0.780 seconds
Domain Reload Profiling:
	ReloadAssembly (780ms)
		BeginReloadAssembly (94ms)
			ExecutionOrderSort (0ms)
			DisableScriptedObjects (0ms)
			BackupInstance (0ms)
			ReleaseScriptingObjects (0ms)
			CreateAndSetChildDomain (1ms)
		EndReloadAssembly (592ms)
			LoadAssemblies (92ms)
			RebuildTransferFunctionScriptingTraits (0ms)
			SetupTypeCache (178ms)
			ReleaseScriptCaches (0ms)
			RebuildScriptCaches (38ms)
			SetupLoadedEditorAssemblies (239ms)
				LogAssemblyErrors (0ms)
				InitializePlatformSupportModulesInManaged (8ms)
				SetLoadedEditorAssemblies (0ms)
				RefreshPlugins (75ms)
				BeforeProcessingInitializeOnLoad (16ms)
				ProcessInitializeOnLoadAttributes (104ms)
				ProcessInitializeOnLoadMethodAttributes (35ms)
				AfterProcessingInitializeOnLoad (0ms)
				EditorAssembliesLoaded (0ms)
			ExecutionOrderSort2 (0ms)
			AwakeInstancesAfterBackupRestoration (0ms)
Platform modules already initialized, skipping
Registering precompiled user dll's ...
Registered in 0.004753 seconds.
Begin MonoManager ReloadAssembly
Native extension for LinuxStandalone target not found
Native extension for WindowsStandalone target not found
Native extension for WebGL target not found
Refreshing native plugins compatible for Editor in 72.06 ms, found 3 plugins.
Preloading 0 native plugins for Editor in 0.00 ms.
Mono: successfully reloaded assembly
- Completed reload, in  1.492 seconds
Domain Reload Profiling:
	ReloadAssembly (1494ms)
		BeginReloadAssembly (199ms)
			ExecutionOrderSort (0ms)
			DisableScriptedObjects (5ms)
			BackupInstance (0ms)
			ReleaseScriptingObjects (0ms)
			CreateAndSetChildDomain (23ms)
		EndReloadAssembly (1217ms)
			LoadAssemblies (155ms)
			RebuildTransferFunctionScriptingTraits (0ms)
			SetupTypeCache (390ms)
			ReleaseScriptCaches (1ms)
			RebuildScriptCaches (60ms)
			SetupLoadedEditorAssemblies (499ms)
				LogAssemblyErrors (0ms)
				InitializePlatformSupportModulesInManaged (17ms)
				SetLoadedEditorAssemblies (0ms)
				RefreshPlugins (72ms)
				BeforeProcessingInitializeOnLoad (116ms)
				ProcessInitializeOnLoadAttributes (252ms)
				ProcessInitializeOnLoadMethodAttributes (31ms)
				AfterProcessingInitializeOnLoad (11ms)
				EditorAssembliesLoaded (0ms)
			ExecutionOrderSort2 (0ms)
			AwakeInstancesAfterBackupRestoration (2ms)
Platform modules already initialized, skipping
========================================================================
Worker process is ready to serve import requests
Launched and connected shader compiler UnityShaderCompiler.exe after 0.07 seconds
Refreshing native plugins compatible for Editor in 0.72 ms, found 3 plugins.
Preloading 0 native plugins for Editor in 0.00 ms.
Unloading 2365 Unused Serialized files (Serialized files now loaded: 0)
System memory in use before: 105.7 MB.
System memory in use after: 105.9 MB.

Unloading 25 unused Assets to reduce memory usage. Loaded Objects now: 2805.
Total: 4.708100 ms (FindLiveObjects: 0.198400 ms CreateObjectMapping: 0.105200 ms MarkObjects: 4.297100 ms  DeleteObjects: 0.106300 ms)

AssetImportParameters requested are different than current active one (requested -> active):
  custom:framework-win-MediaFoundation: 216162199b28c13a410421893ffa2e32 -> 
  custom:video-decoder-ogg-theora: a1e56fd34408186e4bbccfd4996cb3dc -> 
  custom:container-muxer-webm: aa71ff27fc2769a1b78a27578f13a17b -> 
  custom:container-demuxer-webm: 4f35f7cbe854078d1ac9338744f61a02 -> 
  custom:container-demuxer-ogg: 62fdf1f143b41e24485cea50d1cbac27 -> 
  custom:video-encoder-webm-vp8: eb34c28f22e8b96e1ab97ce403110664 -> 
  custom:video-decoder-webm-vp8: 9c59270c3fd7afecdb556c50c9e8de78 -> 
  custom:audio-decoder-ogg-vorbis: bf7c407c2cedff20999df2af8eb42d56 -> 
  custom:audio-encoder-webm-vorbis: bf7c407c2cedff20999df2af8eb42d56 -> 
========================================================================
Received Import Request.
  path: Assets/Berzerk/Textures/plansza-general1.png
  artifactKey: Guid(c7fa9fad922be0344a43378f218de8b0) Importer(815301076,1909f56bfc062723c751e8b465ee728b)
Start importing Assets/Berzerk/Textures/plansza-general1.png using Guid(c7fa9fad922be0344a43378f218de8b0) Importer(815301076,1909f56bfc062723c751e8b465ee728b)  -> (artifact id: '43f90eb7b11995f24a6f8e4cab15d557') in 0.213509 seconds 
========================================================================
Received Import Request.
  Time since last request: 0.000323 seconds.
  path: Assets/Berzerk/Textures/Berzerk_QR_Code.png
  artifactKey: Guid(c9b231ec0f0222d49b4c4874f5869515) Importer(815301076,1909f56bfc062723c751e8b465ee728b)
Start importing Assets/Berzerk/Textures/Berzerk_QR_Code.png using Guid(c9b231ec0f0222d49b4c4874f5869515) Importer(815301076,1909f56bfc062723c751e8b465ee728b)  -> (artifact id: 'ba40aa6d0a45a9e5d741845c63ab666f') in 0.033477 seconds 
========================================================================
Received Import Request.
  Time since last request: 0.000334 seconds.
  path: Assets/Berzerk/Textures/start2.png
  artifactKey: Guid(0900a3067c0786940b044b16c853d381) Importer(815301076,1909f56bfc062723c751e8b465ee728b)
Start importing Assets/Berzerk/Textures/start2.png using Guid(0900a3067c0786940b044b16c853d381) Importer(815301076,1909f56bfc062723c751e8b465ee728b)  -> (artifact id: '6580008013e4bc2f24e2d456cd8d2c4e') in 0.033154 seconds 
========================================================================
Received Import Request.
  Time since last request: 0.000303 seconds.
  path: Assets/Berzerk/Textures/tank-small.png
  artifactKey: Guid(835cdcd02660cee4da6165eb29203463) Importer(815301076,1909f56bfc062723c751e8b465ee728b)
Start importing Assets/Berzerk/Textures/tank-small.png using Guid(835cdcd02660cee4da6165eb29203463) Importer(815301076,1909f56bfc062723c751e8b465ee728b)  -> (artifact id: '54e04f06364b222c7178df8b933cbd37') in 0.034740 seconds 
========================================================================
Received Import Request.
  Time since last request: 0.000275 seconds.
  path: Assets/Berzerk/Textures/start1_e.png
  artifactKey: Guid(b722bc6ac6fb54f43b1c8df31a4f2a30) Importer(815301076,1909f56bfc062723c751e8b465ee728b)
Start importing Assets/Berzerk/Textures/start1_e.png using Guid(b722bc6ac6fb54f43b1c8df31a4f2a30) Importer(815301076,1909f56bfc062723c751e8b465ee728b)  -> (artifact id: 'f0129d2877764c81d633d43c0ff55617') in 0.031296 seconds 
========================================================================
Received Import Request.
  Time since last request: 0.000327 seconds.
  path: Assets/Berzerk/Textures/start1.png
  artifactKey: Guid(50a506d58c0b4a4449fafb964f76e13f) Importer(815301076,1909f56bfc062723c751e8b465ee728b)
Start importing Assets/Berzerk/Textures/start1.png using Guid(50a506d58c0b4a4449fafb964f76e13f) Importer(815301076,1909f56bfc062723c751e8b465ee728b)  -> (artifact id: '2b1cec8c8c7abdc34db0f4c1c9cdcbb4') in 0.031235 seconds 
========================================================================
Received Import Request.
  Time since last request: 0.000357 seconds.
  path: Assets/Berzerk/Textures/okladka1-berz--Odzyskano-1.png.png
  artifactKey: Guid(a7032b17a2d0b2545b6efa7eb6ec866c) Importer(815301076,1909f56bfc062723c751e8b465ee728b)
Start importing Assets/Berzerk/Textures/okladka1-berz--Odzyskano-1.png.png using Guid(a7032b17a2d0b2545b6efa7eb6ec866c) Importer(815301076,1909f56bfc062723c751e8b465ee728b)  -> (artifact id: '3ba700284bee04c1c3bf2354e18e8d97') in 0.037401 seconds 
========================================================================
Received Import Request.
  Time since last request: 0.000260 seconds.
  path: Assets/Berzerk/Textures/transparent1.png
  artifactKey: Guid(cb128e1cfaf8f3145ad95ac4ff1ffc59) Importer(815301076,1909f56bfc062723c751e8b465ee728b)
Start importing Assets/Berzerk/Textures/transparent1.png using Guid(cb128e1cfaf8f3145ad95ac4ff1ffc59) Importer(815301076,1909f56bfc062723c751e8b465ee728b)  -> (artifact id: '8c6b64af13d7d701654345c3a0e57b7d') in 0.036213 seconds 
========================================================================
Received Import Request.
  Time since last request: 0.000277 seconds.
  path: Assets/Berzerk/Textures/start2_e.png
  artifactKey: Guid(87b775ed7e310a443962ee69a6ca9123) Importer(815301076,1909f56bfc062723c751e8b465ee728b)
Start importing Assets/Berzerk/Textures/start2_e.png using Guid(87b775ed7e310a443962ee69a6ca9123) Importer(815301076,1909f56bfc062723c751e8b465ee728b)  -> (artifact id: '91171667e95c223c6737cac4ddeeb874') in 0.029343 seconds 
========================================================================
Received Import Request.
  Time since last request: 0.000210 seconds.
  path: Assets/Berzerk/Textures/pboard-general2.png
  artifactKey: Guid(fc72e21cb683b4c4ca328a223e7d356c) Importer(815301076,1909f56bfc062723c751e8b465ee728b)
Start importing Assets/Berzerk/Textures/pboard-general2.png using Guid(fc72e21cb683b4c4ca328a223e7d356c) Importer(815301076,1909f56bfc062723c751e8b465ee728b)  -> (artifact id: 'd2ee027d8716b1d0210f41bbb7b804a9') in 0.029233 seconds 
========================================================================
Received Import Request.
  Time since last request: 0.000197 seconds.
  path: Assets/Berzerk/Textures/plansza.png
  artifactKey: Guid(ab61b825ddf74c843aecea4ac2798e7b) Importer(815301076,1909f56bfc062723c751e8b465ee728b)
Start importing Assets/Berzerk/Textures/plansza.png using Guid(ab61b825ddf74c843aecea4ac2798e7b) Importer(815301076,1909f56bfc062723c751e8b465ee728b)  -> (artifact id: '51210e2491856dad074c491d7a4333ef') in 0.031636 seconds 
========================================================================
Received Import Request.
  Time since last request: 0.000197 seconds.
  path: Assets/Berzerk/Textures/plansza-general2.png
  artifactKey: Guid(90a139cbb91d622409df401917a3dbe1) Importer(815301076,1909f56bfc062723c751e8b465ee728b)
Start importing Assets/Berzerk/Textures/plansza-general2.png using Guid(90a139cbb91d622409df401917a3dbe1) Importer(815301076,1909f56bfc062723c751e8b465ee728b)  -> (artifact id: '0a5cedde2fb89c0205959df27e8990c0') in 0.029544 seconds 
========================================================================
Received Import Request.
  Time since last request: 2.476142 seconds.
  path: Assets/DigDug/Scripts/DD_Enemy1.cs
  artifactKey: Guid(2fdcaf007a2a9c84296a2b39de29d43b) Importer(815301076,1909f56bfc062723c751e8b465ee728b)
Start importing Assets/DigDug/Scripts/DD_Enemy1.cs using Guid(2fdcaf007a2a9c84296a2b39de29d43b) Importer(815301076,1909f56bfc062723c751e8b465ee728b)  -> (artifact id: 'b4e680b1326b00484efeabdfbb9be379') in 0.027873 seconds 
========================================================================
Received Import Request.
  Time since last request: 1113.911462 seconds.
  path: Assets/DigDug/Scripts/DD_Enemy1.cs
  artifactKey: Guid(2fdcaf007a2a9c84296a2b39de29d43b) Importer(815301076,1909f56bfc062723c751e8b465ee728b)
Start importing Assets/DigDug/Scripts/DD_Enemy1.cs using Guid(2fdcaf007a2a9c84296a2b39de29d43b) Importer(815301076,1909f56bfc062723c751e8b465ee728b)  -> (artifact id: '19c3a7b73e6c46719aa755ad10c8a353') in 0.004988 seconds 
